#
# A fatal error has been detected by the Java Runtime Environment:
#
#  SIGSEGV (0xb) at pc=0x00007f40cf42771e, pid=38935, tid=38959
#
# JRE version: OpenJDK Runtime Environment (11.0.16+8) (build 11.0.16+8-post-Ubuntu-0ubuntu122.04)
# Java VM: OpenJDK 64-Bit Server VM (11.0.16+8-post-Ubuntu-0ubuntu122.04, mixed mode, sharing, tiered, compressed oops, g1 gc, linux-amd64)
# Problematic frame:
# V  [libjvm.so+0x35171e]
#
# Core dump will be written. Default location: Core dumps may be processed with "/usr/share/apport/apport -p%p -s%s -c%c -d%d -P%P -u%u -g%g -- %E" (or dumping to /var/www/html/faxinapp/app-user/android/core.38935)
#
# If you would like to submit a bug report, please visit:
#   https://bugs.launchpad.net/ubuntu/+source/openjdk-lts
#

---------------  S U M M A R Y ------------

Command Line: -Xmx64m -Xms64m -Dorg.gradle.appname=gradlew org.gradle.wrapper.GradleWrapperMain app:installDebug -PreactNativeDevServerPort=8081

Host: AMD Ryzen 5 1400 Quad-Core Processor, 8 cores, 7G, Ubuntu 22.04.1 LTS
Time: Wed Nov  9 02:10:47 2022 -03 elapsed time: 0.820639 seconds (0d 0h 0m 0s)

---------------  T H R E A D  ---------------

Current thread (0x00007f40c80c4800):  JavaThread "C2 CompilerThread0" daemon [_thread_in_native, id=38959, stack(0x00007f40cc3a6000,0x00007f40cc4a6000)]


Current CompileTask:
C2:    820  791   !   4       java.util.jar.JarFile::isMultiRelease (33 bytes)

Stack: [0x00007f40cc3a6000,0x00007f40cc4a6000],  sp=0x00007f40cc4a1438,  free space=1005k
Native frames: (J=compiled Java code, A=aot compiled Java code, j=interpreted, Vv=VM code, C=native code)
V  [libjvm.so+0x35171e]
V  [libjvm.so+0x56e3de]
V  [libjvm.so+0x61d4ca]
V  [libjvm.so+0x621bdd]
V  [libjvm.so+0x5471d8]
V  [libjvm.so+0x62a10f]
V  [libjvm.so+0x62b310]
V  [libjvm.so+0xe35311]
V  [libjvm.so+0xe32860]
V  [libjvm.so+0xbf01ee]


siginfo: si_signo: 11 (SIGSEGV), si_code: 128 (SI_KERNEL), si_addr: 0x0000000000000000

Register to memory mapping:

RAX=0x0 is NULL
RBX=0x0000000000000005 is an unknown value
RCX=0x0000000000000028 is an unknown value
RDX=0x0000000000000037 is an unknown value
RSP=0x00007f40cc4a1438 is pointing into the stack for thread: 0x00007f40c80c4800
RBP=0x00007f40cc4a14b0 is pointing into the stack for thread: 0x00007f40c80c4800
RSI=0x0000000000000005 is an unknown value
RDI=0x00007f4080115f28 points into unknown readable memory: 0x00007f40d026b738 | 38 b7 26 d0 40 7f 00 00
R8 =0x0000000000000002 is an unknown value
R9 =0x00007f407c22a3c0 points into unknown readable memory: 0x00010002000002c0 | c0 02 00 00 02 00 01 00
R10=0x00007f407c000860 points into unknown readable memory: 0x00007f407c000850 | 50 08 00 7c 40 7f 00 00
R11=0x00007f407c000090 points into unknown readable memory: 0x00007f407c38c790 | 90 c7 38 7c 40 7f 00 00
R12=0x00007f4080111878 points into unknown readable memory: 0x00007f40d029dc00 | 00 dc 29 d0 40 7f 00 00
R13=0x00007f407c230ff0 points into unknown readable memory: 0x0000000000000000 | 00 00 00 00 00 00 00 00
R14=0x00007f40700e06f8 points into unknown readable memory: 0x00000000000c0000 | 00 00 0c 00 00 00 00 00
R15=0x00007f40cc4a18c0 is pointing into the stack for thread: 0x00007f40c80c4800


Registers:
RAX=0x0000000000000000, RBX=0x0000000000000005, RCX=0x0000000000000028, RDX=0x0000000000000037
RSP=0x00007f40cc4a1438, RBP=0x00007f40cc4a14b0, RSI=0x0000000000000005, RDI=0x00007f4080115f28
R8 =0x0000000000000002, R9 =0x00007f407c22a3c0, R10=0x00007f407c000860, R11=0x00007f407c000090
R12=0x00007f4080111878, R13=0x00007f407c230ff0, R14=0x00007f40700e06f8, R15=0x00007f40cc4a18c0
RIP=0x00007f40cf42771e, EFLAGS=0x0000000000010246, CSGSFS=0x002b000000000033, ERR=0x0000000000000000
  TRAPNO=0x000000000000000d

Top of Stack: (sp=0x00007f40cc4a1438)
0x00007f40cc4a1438:   00007f40cf63ff9e 00000000000002e2
0x00007f40cc4a1448:   000000530001cd40 ffffffff0000000e
0x00007f40cc4a1458:   0001010000000004 00007f4000000017
0x00007f40cc4a1468:   00007f407c13d7a0 00007f407c231028 

Instructions: (pc=0x00007f40cf42771e)
0x00007f40cf42761e:   00 00 f3 0f 1e fa 31 c0 c3 66 0f 1f 84 00 00 00
0x00007f40cf42762e:   00 00 f3 0f 1e fa b8 ff ff ff ff c3 66 0f 1f 44
0x00007f40cf42763e:   00 00 f3 0f 1e fa b8 01 00 00 00 c3 66 0f 1f 44
0x00007f40cf42764e:   00 00 f3 0f 1e fa 31 c0 c3 66 0f 1f 84 00 00 00
0x00007f40cf42765e:   00 00 f3 0f 1e fa b8 40 00 00 00 c3 66 0f 1f 44
0x00007f40cf42766e:   00 00 f3 0f 1e fa b8 01 00 00 00 c3 66 0f 1f 44
0x00007f40cf42767e:   00 00 f3 0f 1e fa b8 ff ff ff ff c3 66 0f 1f 44
0x00007f40cf42768e:   00 00 f3 0f 1e fa 31 c0 c3 66 0f 1f 84 00 00 00
0x00007f40cf42769e:   00 00 f3 0f 1e fa 31 c0 c3 66 0f 1f 84 00 00 00
0x00007f40cf4276ae:   00 00 f3 0f 1e fa 31 c0 c3 66 0f 1f 84 00 00 00
0x00007f40cf4276be:   00 00 f3 0f 1e fa b8 01 00 00 00 c3 66 0f 1f 44
0x00007f40cf4276ce:   00 00 f3 0f 1e fa 31 c0 c3 66 0f 1f 84 00 00 00
0x00007f40cf4276de:   00 00 f3 0f 1e fa 31 c0 c3 66 0f 1f 84 00 00 00
0x00007f40cf4276ee:   00 00 f3 0f 1e fa 31 c0 c3 66 0f 1f 84 00 00 00
0x00007f40cf4276fe:   00 00 f3 0f 1e fa 48 89 f8 c3 0f 1f 84 00 00 00
0x00007f40cf42770e:   00 00 f3 0f 1e fa 55 48 8b 47 38 48 8b 38 48 89
0x00007f40cf42771e:   e5 48 8b 07 ff 90 d8 00 00 00 48 8d 15 a1 64 f6
0x00007f40cf42772e:   00 48 39 02 74 1c 48 63 40 10 5d 48 c1 e0 05 48
0x00007f40cf42773e:   03 05 44 f6 ed 00 8b 40 14 c3 0f 1f 84 00 00 00
0x00007f40cf42774e:   00 00 b8 0d 00 00 00 5d c3 66 0f 1f 84 00 00 00
0x00007f40cf42775e:   00 00 f3 0f 1e fa 31 c0 c3 66 0f 1f 84 00 00 00
0x00007f40cf42776e:   00 00 f3 0f 1e fa 31 c0 c3 66 0f 1f 84 00 00 00
0x00007f40cf42777e:   00 00 f3 0f 1e fa 31 c0 c3 66 0f 1f 84 00 00 00
0x00007f40cf42778e:   00 00 f3 0f 1e fa 31 c0 c3 66 0f 1f 84 00 00 00
0x00007f40cf42779e:   00 00 f3 0f 1e fa b8 7f 96 98 00 c3 66 0f 1f 44
0x00007f40cf4277ae:   00 00 f3 0f 1e fa 48 8b 47 38 48 85 c0 74 13 48
0x00007f40cf4277be:   8b 38 48 8b 07 ff a0 d8 00 00 00 0f 1f 80 00 00
0x00007f40cf4277ce:   00 00 48 8d 05 91 64 f6 00 48 8b 00 c3 0f 1f 44
0x00007f40cf4277de:   00 00 f3 0f 1e fa 48 8b 47 40 c3 0f 1f 80 00 00
0x00007f40cf4277ee:   00 00 f3 0f 1e fa 48 8d 05 75 62 f6 00 48 8b 00
0x00007f40cf4277fe:   c3 90 f3 0f 1e fa b8 04 00 00 00 c3 66 0f 1f 44
0x00007f40cf42780e:   00 00 f3 0f 1e fa b8 01 00 00 00 c3 66 0f 1f 44 


Stack slot to memory mapping:
stack at sp + 0 slots: 0x00007f40cf63ff9e: <offset 0x0000000000569f9e> in /usr/lib/jvm/java-11-openjdk-amd64/lib/server/libjvm.so at 0x00007f40cf0d6000
stack at sp + 1 slots: 0x00000000000002e2 is an unknown value
stack at sp + 2 slots: 0x000000530001cd40 is an unknown value
stack at sp + 3 slots: 0xffffffff0000000e is an unknown value
stack at sp + 4 slots: 0x0001010000000004 is an unknown value
stack at sp + 5 slots: 0x00007f4000000017 is an unknown value
stack at sp + 6 slots: 0x00007f407c13d7a0 points into unknown readable memory: 0x00007f40d0245ab0 | b0 5a 24 d0 40 7f 00 00
stack at sp + 7 slots: 0x00007f407c231028 points into unknown readable memory: 0x00000000000c0000 | 00 00 0c 00 00 00 00 00


---------------  P R O C E S S  ---------------

Threads class SMR info:
_java_thread_list=0x00007f407c08fa60, length=10, elements={
0x00007f40c8015800, 0x00007f40c80b8000, 0x00007f40c80ba000, 0x00007f40c80c0800,
0x00007f40c80c2800, 0x00007f40c80c4800, 0x00007f40c80c6800, 0x00007f40c80c8800,
0x00007f40c811c000, 0x00007f407c08e000
}

Java Threads: ( => current thread )
  0x00007f40c8015800 JavaThread "main" [_thread_in_vm, id=38948, stack(0x00007f40ceca5000,0x00007f40ceda5000)]
  0x00007f40c80b8000 JavaThread "Reference Handler" daemon [_thread_blocked, id=38955, stack(0x00007f40cc7a6000,0x00007f40cc8a6000)]
  0x00007f40c80ba000 JavaThread "Finalizer" daemon [_thread_blocked, id=38956, stack(0x00007f40cc6a6000,0x00007f40cc7a6000)]
  0x00007f40c80c0800 JavaThread "Signal Dispatcher" daemon [_thread_blocked, id=38957, stack(0x00007f40cc5a6000,0x00007f40cc6a6000)]
  0x00007f40c80c2800 JavaThread "Service Thread" daemon [_thread_blocked, id=38958, stack(0x00007f40cc4a6000,0x00007f40cc5a6000)]
=>0x00007f40c80c4800 JavaThread "C2 CompilerThread0" daemon [_thread_in_native, id=38959, stack(0x00007f40cc3a6000,0x00007f40cc4a6000)]
  0x00007f40c80c6800 JavaThread "C1 CompilerThread0" daemon [_thread_blocked, id=38960, stack(0x00007f40cc2a6000,0x00007f40cc3a6000)]
  0x00007f40c80c8800 JavaThread "Sweeper thread" daemon [_thread_blocked, id=38961, stack(0x00007f40cc1a6000,0x00007f40cc2a6000)]
  0x00007f40c811c000 JavaThread "Common-Cleaner" daemon [_thread_blocked, id=38963, stack(0x00007f40b0711000,0x00007f40b0811000)]
  0x00007f407c08e000 JavaThread "C2 CompilerThread1" daemon [_thread_in_native, id=38964, stack(0x00007f40b0611000,0x00007f40b0711000)]

Other Threads:
  0x00007f40c80b5000 VMThread "VM Thread" [stack: 0x00007f40cc8a8000,0x00007f40cc9a8000] [id=38954]
  0x00007f40c8119800 WatcherThread [stack: 0x00007f40cc0a6000,0x00007f40cc1a6000] [id=38962]
  0x00007f40c802f000 GCTaskThread "GC Thread#0" [stack: 0x00007f40ce96d000,0x00007f40cea6d000] [id=38949]
  0x00007f40c8036800 ConcurrentGCThread "G1 Main Marker" [stack: 0x00007f40cddfe000,0x00007f40cdefe000] [id=38950]
  0x00007f40c8038000 ConcurrentGCThread "G1 Conc#0" [stack: 0x00007f40cdcfc000,0x00007f40cddfc000] [id=38951]
  0x00007f40c808c800 ConcurrentGCThread "G1 Refine#0" [stack: 0x00007f40cd3f2000,0x00007f40cd4f2000] [id=38952]
  0x00007f40c808e000 ConcurrentGCThread "G1 Young RemSet Sampling" [stack: 0x00007f40cd2f0000,0x00007f40cd3f0000] [id=38953]

Threads with active compile tasks:
C2 CompilerThread0      826  791   !   4       java.util.jar.JarFile::isMultiRelease (33 bytes)
C2 CompilerThread1      827  802  s!   4       jdk.internal.loader.URLClassPath::getLoader (194 bytes)

VM state:not at safepoint (normal execution)

VM Mutex/Monitor currently owned by a thread: None

Heap address: 0x00000000fc000000, size: 64 MB, Compressed Oops mode: 32-bit
Narrow klass base: 0x0000000800000000, Narrow klass shift: 3
Compressed class space size: 1073741824 Address: 0x0000000840000000

Heap:
 garbage-first heap   total 65536K, used 29388K [0x00000000fc000000, 0x0000000100000000)
  region size 1024K, 24 young (24576K), 0 survivors (0K)
 Metaspace       used 3906K, capacity 6494K, committed 6784K, reserved 1056768K
  class space    used 500K, capacity 784K, committed 896K, reserved 1048576K
Heap Regions: E=young(eden), S=young(survivor), O=old, HS=humongous(starts), HC=humongous(continues), CS=collection set, F=free, A=archive, TAMS=top-at-mark-start (previous, next)
|   0|0x00000000fc000000, 0x00000000fc100000, 0x00000000fc100000|100%|HS|  |TAMS 0x00000000fc000000, 0x00000000fc000000| Complete 
|   1|0x00000000fc100000, 0x00000000fc200000, 0x00000000fc200000|100%|HC|  |TAMS 0x00000000fc100000, 0x00000000fc100000| Complete 
|   2|0x00000000fc200000, 0x00000000fc300000, 0x00000000fc300000|100%|HC|  |TAMS 0x00000000fc200000, 0x00000000fc200000| Complete 
|   3|0x00000000fc300000, 0x00000000fc400000, 0x00000000fc400000|100%|HS|  |TAMS 0x00000000fc300000, 0x00000000fc300000| Complete 
|   4|0x00000000fc400000, 0x00000000fc500000, 0x00000000fc500000|100%|HC|  |TAMS 0x00000000fc400000, 0x00000000fc400000| Complete 
|   5|0x00000000fc500000, 0x00000000fc600000, 0x00000000fc600000|100%|HC|  |TAMS 0x00000000fc500000, 0x00000000fc500000| Complete 
|   6|0x00000000fc600000, 0x00000000fc600000, 0x00000000fc700000|  0%| F|  |TAMS 0x00000000fc600000, 0x00000000fc600000| Untracked 
|   7|0x00000000fc700000, 0x00000000fc700000, 0x00000000fc800000|  0%| F|  |TAMS 0x00000000fc700000, 0x00000000fc700000| Untracked 
|   8|0x00000000fc800000, 0x00000000fc800000, 0x00000000fc900000|  0%| F|  |TAMS 0x00000000fc800000, 0x00000000fc800000| Untracked 
|   9|0x00000000fc900000, 0x00000000fc900000, 0x00000000fca00000|  0%| F|  |TAMS 0x00000000fc900000, 0x00000000fc900000| Untracked 
|  10|0x00000000fca00000, 0x00000000fca00000, 0x00000000fcb00000|  0%| F|  |TAMS 0x00000000fca00000, 0x00000000fca00000| Untracked 
|  11|0x00000000fcb00000, 0x00000000fcb00000, 0x00000000fcc00000|  0%| F|  |TAMS 0x00000000fcb00000, 0x00000000fcb00000| Untracked 
|  12|0x00000000fcc00000, 0x00000000fcc00000, 0x00000000fcd00000|  0%| F|  |TAMS 0x00000000fcc00000, 0x00000000fcc00000| Untracked 
|  13|0x00000000fcd00000, 0x00000000fcd00000, 0x00000000fce00000|  0%| F|  |TAMS 0x00000000fcd00000, 0x00000000fcd00000| Untracked 
|  14|0x00000000fce00000, 0x00000000fce00000, 0x00000000fcf00000|  0%| F|  |TAMS 0x00000000fce00000, 0x00000000fce00000| Untracked 
|  15|0x00000000fcf00000, 0x00000000fcf00000, 0x00000000fd000000|  0%| F|  |TAMS 0x00000000fcf00000, 0x00000000fcf00000| Untracked 
|  16|0x00000000fd000000, 0x00000000fd000000, 0x00000000fd100000|  0%| F|  |TAMS 0x00000000fd000000, 0x00000000fd000000| Untracked 
|  17|0x00000000fd100000, 0x00000000fd100000, 0x00000000fd200000|  0%| F|  |TAMS 0x00000000fd100000, 0x00000000fd100000| Untracked 
|  18|0x00000000fd200000, 0x00000000fd200000, 0x00000000fd300000|  0%| F|  |TAMS 0x00000000fd200000, 0x00000000fd200000| Untracked 
|  19|0x00000000fd300000, 0x00000000fd300000, 0x00000000fd400000|  0%| F|  |TAMS 0x00000000fd300000, 0x00000000fd300000| Untracked 
|  20|0x00000000fd400000, 0x00000000fd400000, 0x00000000fd500000|  0%| F|  |TAMS 0x00000000fd400000, 0x00000000fd400000| Untracked 
|  21|0x00000000fd500000, 0x00000000fd500000, 0x00000000fd600000|  0%| F|  |TAMS 0x00000000fd500000, 0x00000000fd500000| Untracked 
|  22|0x00000000fd600000, 0x00000000fd600000, 0x00000000fd700000|  0%| F|  |TAMS 0x00000000fd600000, 0x00000000fd600000| Untracked 
|  23|0x00000000fd700000, 0x00000000fd700000, 0x00000000fd800000|  0%| F|  |TAMS 0x00000000fd700000, 0x00000000fd700000| Untracked 
|  24|0x00000000fd800000, 0x00000000fd800000, 0x00000000fd900000|  0%| F|  |TAMS 0x00000000fd800000, 0x00000000fd800000| Untracked 
|  25|0x00000000fd900000, 0x00000000fd900000, 0x00000000fda00000|  0%| F|  |TAMS 0x00000000fd900000, 0x00000000fd900000| Untracked 
|  26|0x00000000fda00000, 0x00000000fda00000, 0x00000000fdb00000|  0%| F|  |TAMS 0x00000000fda00000, 0x00000000fda00000| Untracked 
|  27|0x00000000fdb00000, 0x00000000fdb00000, 0x00000000fdc00000|  0%| F|  |TAMS 0x00000000fdb00000, 0x00000000fdb00000| Untracked 
|  28|0x00000000fdc00000, 0x00000000fdc00000, 0x00000000fdd00000|  0%| F|  |TAMS 0x00000000fdc00000, 0x00000000fdc00000| Untracked 
|  29|0x00000000fdd00000, 0x00000000fdd00000, 0x00000000fde00000|  0%| F|  |TAMS 0x00000000fdd00000, 0x00000000fdd00000| Untracked 
|  30|0x00000000fde00000, 0x00000000fde00000, 0x00000000fdf00000|  0%| F|  |TAMS 0x00000000fde00000, 0x00000000fde00000| Untracked 
|  31|0x00000000fdf00000, 0x00000000fdf00000, 0x00000000fe000000|  0%| F|  |TAMS 0x00000000fdf00000, 0x00000000fdf00000| Untracked 
|  32|0x00000000fe000000, 0x00000000fe000000, 0x00000000fe100000|  0%| F|  |TAMS 0x00000000fe000000, 0x00000000fe000000| Untracked 
|  33|0x00000000fe100000, 0x00000000fe100000, 0x00000000fe200000|  0%| F|  |TAMS 0x00000000fe100000, 0x00000000fe100000| Untracked 
|  34|0x00000000fe200000, 0x00000000fe200000, 0x00000000fe300000|  0%| F|  |TAMS 0x00000000fe200000, 0x00000000fe200000| Untracked 
|  35|0x00000000fe300000, 0x00000000fe300000, 0x00000000fe400000|  0%| F|  |TAMS 0x00000000fe300000, 0x00000000fe300000| Untracked 
|  36|0x00000000fe400000, 0x00000000fe400000, 0x00000000fe500000|  0%| F|  |TAMS 0x00000000fe400000, 0x00000000fe400000| Untracked 
|  37|0x00000000fe500000, 0x00000000fe500000, 0x00000000fe600000|  0%| F|  |TAMS 0x00000000fe500000, 0x00000000fe500000| Untracked 
|  38|0x00000000fe600000, 0x00000000fe67b660, 0x00000000fe700000| 48%| E|  |TAMS 0x00000000fe600000, 0x00000000fe600000| Complete 
|  39|0x00000000fe700000, 0x00000000fe800000, 0x00000000fe800000|100%| E|CS|TAMS 0x00000000fe700000, 0x00000000fe700000| Complete 
|  40|0x00000000fe800000, 0x00000000fe900000, 0x00000000fe900000|100%| E|CS|TAMS 0x00000000fe800000, 0x00000000fe800000| Complete 
|  41|0x00000000fe900000, 0x00000000fea00000, 0x00000000fea00000|100%| E|CS|TAMS 0x00000000fe900000, 0x00000000fe900000| Complete 
|  42|0x00000000fea00000, 0x00000000feb00000, 0x00000000feb00000|100%| E|CS|TAMS 0x00000000fea00000, 0x00000000fea00000| Complete 
|  43|0x00000000feb00000, 0x00000000fec00000, 0x00000000fec00000|100%| E|CS|TAMS 0x00000000feb00000, 0x00000000feb00000| Complete 
|  44|0x00000000fec00000, 0x00000000fed00000, 0x00000000fed00000|100%| E|CS|TAMS 0x00000000fec00000, 0x00000000fec00000| Complete 
|  45|0x00000000fed00000, 0x00000000fee00000, 0x00000000fee00000|100%| E|CS|TAMS 0x00000000fed00000, 0x00000000fed00000| Complete 
|  46|0x00000000fee00000, 0x00000000fef00000, 0x00000000fef00000|100%| E|CS|TAMS 0x00000000fee00000, 0x00000000fee00000| Complete 
|  47|0x00000000fef00000, 0x00000000ff000000, 0x00000000ff000000|100%| E|CS|TAMS 0x00000000fef00000, 0x00000000fef00000| Complete 
|  48|0x00000000ff000000, 0x00000000ff100000, 0x00000000ff100000|100%| E|  |TAMS 0x00000000ff000000, 0x00000000ff000000| Complete 
|  49|0x00000000ff100000, 0x00000000ff200000, 0x00000000ff200000|100%| E|CS|TAMS 0x00000000ff100000, 0x00000000ff100000| Complete 
|  50|0x00000000ff200000, 0x00000000ff300000, 0x00000000ff300000|100%| E|CS|TAMS 0x00000000ff200000, 0x00000000ff200000| Complete 
|  51|0x00000000ff300000, 0x00000000ff400000, 0x00000000ff400000|100%| E|CS|TAMS 0x00000000ff300000, 0x00000000ff300000| Complete 
|  52|0x00000000ff400000, 0x00000000ff500000, 0x00000000ff500000|100%| E|CS|TAMS 0x00000000ff400000, 0x00000000ff400000| Complete 
|  53|0x00000000ff500000, 0x00000000ff600000, 0x00000000ff600000|100%| E|CS|TAMS 0x00000000ff500000, 0x00000000ff500000| Complete 
|  54|0x00000000ff600000, 0x00000000ff700000, 0x00000000ff700000|100%| E|CS|TAMS 0x00000000ff600000, 0x00000000ff600000| Complete 
|  55|0x00000000ff700000, 0x00000000ff800000, 0x00000000ff800000|100%| E|CS|TAMS 0x00000000ff700000, 0x00000000ff700000| Complete 
|  56|0x00000000ff800000, 0x00000000ff900000, 0x00000000ff900000|100%| E|CS|TAMS 0x00000000ff800000, 0x00000000ff800000| Complete 
|  57|0x00000000ff900000, 0x00000000ffa00000, 0x00000000ffa00000|100%| E|CS|TAMS 0x00000000ff900000, 0x00000000ff900000| Complete 
|  58|0x00000000ffa00000, 0x00000000ffb00000, 0x00000000ffb00000|100%| E|CS|TAMS 0x00000000ffa00000, 0x00000000ffa00000| Complete 
|  59|0x00000000ffb00000, 0x00000000ffc00000, 0x00000000ffc00000|100%| E|CS|TAMS 0x00000000ffb00000, 0x00000000ffb00000| Complete 
|  60|0x00000000ffc00000, 0x00000000ffd00000, 0x00000000ffd00000|100%| E|CS|TAMS 0x00000000ffc00000, 0x00000000ffc00000| Complete 
|  61|0x00000000ffd00000, 0x00000000ffe00000, 0x00000000ffe00000|100%| E|CS|TAMS 0x00000000ffd00000, 0x00000000ffd00000| Complete 
|  62|0x00000000ffe00000, 0x00000000ffe48000, 0x00000000fff00000| 28%|OA|  |TAMS 0x00000000ffe00000, 0x00000000ffe00000| Untracked 
|  63|0x00000000fff00000, 0x00000000fff6b000, 0x0000000100000000| 41%|CA|  |TAMS 0x00000000fff00000, 0x00000000fff00000| Untracked 

Card table byte_map: [0x00007f40ce123000,0x00007f40ce143000] _byte_map_base: 0x00007f40cd943000

Marking Bits (Prev, Next): (CMBitMap*) 0x00007f40c80351c8, (CMBitMap*) 0x00007f40c8035200
 Prev Bits: [0x00007f40ce003000, 0x00007f40ce103000)
 Next Bits: [0x00007f40cdf03000, 0x00007f40ce003000)

Polling page: 0x00007f40d05e4000

Metaspace:

Usage:
  Non-class:      5,58 MB capacity,     3,34 MB ( 60%) used,     2,23 MB ( 40%) free+waste,     7,75 KB ( <1%) overhead. 
      Class:    784,00 KB capacity,   502,86 KB ( 64%) used,   276,27 KB ( 35%) free+waste,     4,88 KB ( <1%) overhead. 
       Both:      6,34 MB capacity,     3,83 MB ( 60%) used,     2,50 MB ( 39%) free+waste,    12,62 KB ( <1%) overhead. 

Virtual space:
  Non-class space:        8,00 MB reserved,       5,75 MB ( 72%) committed 
      Class space:        1,00 GB reserved,     896,00 KB ( <1%) committed 
             Both:        1,01 GB reserved,       6,62 MB ( <1%) committed 

Chunk freelists:
   Non-Class:  2,00 KB
       Class:  16,00 KB
        Both:  18,00 KB

MaxMetaspaceSize: unlimited
CompressedClassSpaceSize: 1,00 GB
Initial GC threshold: 20,80 MB
Current GC threshold: 20,80 MB
CDS: on

CodeHeap 'non-profiled nmethods': size=120032Kb used=295Kb max_used=295Kb free=119736Kb
 bounds [0x00007f40b82d9000, 0x00007f40b8549000, 0x00007f40bf811000]
CodeHeap 'profiled nmethods': size=120028Kb used=1608Kb max_used=1608Kb free=118419Kb
 bounds [0x00007f40b0da2000, 0x00007f40b1012000, 0x00007f40b82d9000]
CodeHeap 'non-nmethods': size=5700Kb used=1112Kb max_used=1130Kb free=4587Kb
 bounds [0x00007f40b0811000, 0x00007f40b0a81000, 0x00007f40b0da2000]
 total_blobs=1201 nmethods=839 adapters=276
 compilation: enabled
              stopped_count=0, restarted_count=0
 full_count=0

Compilation events (20 events):
Event: 0,815 Thread 0x00007f40c80c6800 nmethod 824 0x00007f40b0f29f10 code [0x00007f40b0f2a0c0, 0x00007f40b0f2a1f0]
Event: 0,815 Thread 0x00007f40c80c6800  828       3       jdk.internal.org.objectweb.asm.MethodWriter::visitVarInsn (300 bytes)
Event: 0,816 Thread 0x00007f40c80c6800 nmethod 828 0x00007f40b0f2a290 code [0x00007f40b0f2a500, 0x00007f40b0f2aee0]
Event: 0,816 Thread 0x00007f40c80c6800  835       3       java.lang.invoke.LambdaForm$Name::lastUseIndex (36 bytes)
Event: 0,816 Thread 0x00007f40c80c6800 nmethod 835 0x00007f40b0f2b210 code [0x00007f40b0f2b3e0, 0x00007f40b0f2b690]
Event: 0,816 Thread 0x00007f40c80c6800  829       3       java.lang.invoke.MethodType::parameterSlotCount (8 bytes)
Event: 0,817 Thread 0x00007f40c80c6800 nmethod 829 0x00007f40b0f2b790 code [0x00007f40b0f2b940, 0x00007f40b0f2bb50]
Event: 0,817 Thread 0x00007f40c80c6800  830       3       java.lang.invoke.MethodTypeForm::parameterSlotCount (9 bytes)
Event: 0,817 Thread 0x00007f40c80c6800 nmethod 830 0x00007f40b0f2bc90 code [0x00007f40b0f2be40, 0x00007f40b0f2bfd0]
Event: 0,817 Thread 0x00007f40c80c6800  831       3       java.lang.invoke.MethodTypeForm::unpack (30 bytes)
Event: 0,817 Thread 0x00007f40c80c6800 nmethod 831 0x00007f40b0f2c090 code [0x00007f40b0f2c240, 0x00007f40b0f2c350]
Event: 0,817 Thread 0x00007f40c80c6800  834       1       java.lang.invoke.LambdaForm$NamedFunction::intrinsicName (5 bytes)
Event: 0,817 Thread 0x00007f40c80c6800 nmethod 834 0x00007f40b8320b10 code [0x00007f40b8320cc0, 0x00007f40b8320d90]
Event: 0,817 Thread 0x00007f40c80c6800  836       3       java.lang.invoke.LambdaForm::parameter (52 bytes)
Event: 0,817 Thread 0x00007f40c80c6800 nmethod 836 0x00007f40b0f2c410 code [0x00007f40b0f2c5c0, 0x00007f40b0f2c710]
Event: 0,817 Thread 0x00007f40c80c6800  838       3       jdk.internal.org.objectweb.asm.ByteVector::<init> (13 bytes)
Event: 0,817 Thread 0x00007f40c80c6800 nmethod 838 0x00007f40b0f2c810 code [0x00007f40b0f2c9c0, 0x00007f40b0f2cc30]
Event: 0,817 Thread 0x00007f40c80c6800  839       3       sun.invoke.util.VerifyType::isNullConversion (157 bytes)
Event: 0,818 Thread 0x00007f40c80c6800 nmethod 839 0x00007f40b0f2cd10 code [0x00007f40b0f2d020, 0x00007f40b0f2e500]
Event: 0,818 Thread 0x00007f40c80c6800  841   !   3       java.lang.invoke.MemberName::getMethodType (203 bytes)

GC Heap History (0 events):
No events

Deoptimization events (20 events):
Event: 0,755 Thread 0x00007f40c8015800 Uncommon trap: trap_request=0xffffffde fr.pc=0x00007f40b82eeb54 relative=0x00000000000002f4
Event: 0,755 Thread 0x00007f40c8015800 Uncommon trap: reason=class_check action=maybe_recompile pc=0x00007f40b82eeb54 method=java.util.regex.Matcher.match(II)Z @ 121 c2
Event: 0,755 Thread 0x00007f40c8015800 DEOPT PACKING pc=0x00007f40b82eeb54 sp=0x00007f40ceda2060
Event: 0,755 Thread 0x00007f40c8015800 DEOPT UNPACKING pc=0x00007f40b085aea5 sp=0x00007f40ceda2018 mode 2
Event: 0,755 Thread 0x00007f40c8015800 Uncommon trap: trap_request=0xffffffde fr.pc=0x00007f40b82eeb54 relative=0x00000000000002f4
Event: 0,755 Thread 0x00007f40c8015800 Uncommon trap: reason=class_check action=maybe_recompile pc=0x00007f40b82eeb54 method=java.util.regex.Matcher.match(II)Z @ 121 c2
Event: 0,755 Thread 0x00007f40c8015800 DEOPT PACKING pc=0x00007f40b82eeb54 sp=0x00007f40ceda2060
Event: 0,755 Thread 0x00007f40c8015800 DEOPT UNPACKING pc=0x00007f40b085aea5 sp=0x00007f40ceda2018 mode 2
Event: 0,756 Thread 0x00007f40c8015800 Uncommon trap: trap_request=0xffffff4d fr.pc=0x00007f40b82e5284 relative=0x0000000000000064
Event: 0,756 Thread 0x00007f40c8015800 Uncommon trap: reason=unstable_if action=reinterpret pc=0x00007f40b82e5284 method=java.util.regex.Pattern.has(I)Z @ 6 c2
Event: 0,756 Thread 0x00007f40c8015800 DEOPT PACKING pc=0x00007f40b82e5284 sp=0x00007f40ceda1e30
Event: 0,756 Thread 0x00007f40c8015800 DEOPT UNPACKING pc=0x00007f40b085aea5 sp=0x00007f40ceda1de0 mode 2
Event: 0,758 Thread 0x00007f40c8015800 Uncommon trap: trap_request=0xffffff4d fr.pc=0x00007f40b8316cfc relative=0x000000000000023c
Event: 0,758 Thread 0x00007f40c8015800 Uncommon trap: reason=unstable_if action=reinterpret pc=0x00007f40b8316cfc method=java.util.HashMap.hash(Ljava/lang/Object;)I @ 1 c2
Event: 0,758 Thread 0x00007f40c8015800 DEOPT PACKING pc=0x00007f40b8316cfc sp=0x00007f40ceda2120
Event: 0,758 Thread 0x00007f40c8015800 DEOPT UNPACKING pc=0x00007f40b085aea5 sp=0x00007f40ceda2078 mode 2
Event: 0,793 Thread 0x00007f40c8015800 Uncommon trap: trap_request=0xffffff4d fr.pc=0x00007f40b82e0d1c relative=0x000000000000007c
Event: 0,793 Thread 0x00007f40c8015800 Uncommon trap: reason=unstable_if action=reinterpret pc=0x00007f40b82e0d1c method=java.lang.String.isLatin1()Z @ 10 c2
Event: 0,793 Thread 0x00007f40c8015800 DEOPT PACKING pc=0x00007f40b82e0d1c sp=0x00007f40ceda19e0
Event: 0,793 Thread 0x00007f40c8015800 DEOPT UNPACKING pc=0x00007f40b085aea5 sp=0x00007f40ceda1940 mode 2

Classes redefined (0 events):
No events

Internal exceptions (8 events):
Event: 0,276 Thread 0x00007f40c8015800 Exception <a 'java/lang/NoSuchMethodError'{0x00000000ffbf3408}: 'int java.lang.invoke.DirectMethodHandle$Holder.invokeStaticInit(java.lang.Object, java.lang.Object)'> (0x00000000ffbf3408) thrown at [./src/hotspot/share/interpreter/linkResolver.cpp, line 772]
Event: 0,302 Thread 0x00007f40c8015800 Exception <a 'java/lang/NoSuchMethodError'{0x00000000ffad1ac8}: 'int java.lang.invoke.DirectMethodHandle$Holder.invokeSpecial(java.lang.Object, java.lang.Object, java.lang.Object, java.lang.Object)'> (0x00000000ffad1ac8) thrown at [./src/hotspot/share/interpreter/linkResolver.cpp, line 772]
Event: 0,307 Thread 0x00007f40c8015800 Exception <a 'java/lang/NoSuchMethodError'{0x00000000ff90f730}: 'int java.lang.invoke.DirectMethodHandle$Holder.invokeSpecialIFC(java.lang.Object, java.lang.Object, int)'> (0x00000000ff90f730) thrown at [./src/hotspot/share/interpreter/linkResolver.cpp, line 772]
Event: 0,758 Thread 0x00007f40c8015800 Implicit null exception at 0x00007f40b8316b05 to 0x00007f40b8316cec
Event: 0,794 Thread 0x00007f40c8015800 Exception <a 'java/lang/NoClassDefFoundError'{0x00000000fe85b278}: org/slf4j/impl/StaticMarkerBinder> (0x00000000fe85b278) thrown at [./src/hotspot/share/classfile/systemDictionary.cpp, line 219]
Event: 0,807 Thread 0x00007f40c8015800 Exception <a 'java/lang/NoSuchMethodError'{0x00000000fe74baa0}: 'java.lang.Object java.lang.invoke.DirectMethodHandle$Holder.invokeVirtual(java.lang.Object, java.lang.Object, java.lang.Object, java.lang.Object, java.lang.Object, java.lang.Object, java.lang.Object)'> (0x00000000fe74baa0) thrown at [./src/hotspot/share/interpreter/linkResolver.cpp, line 772]
Event: 0,810 Thread 0x00007f40c8015800 Exception <a 'java/lang/NoSuchMethodError'{0x00000000fe75ea48}: 'java.lang.Object java.lang.invoke.Invokers$Holder.invoker(java.lang.Object, java.lang.Object, java.lang.Object)'> (0x00000000fe75ea48) thrown at [./src/hotspot/share/interpreter/linkResolver.cpp, line 772]
Event: 0,815 Thread 0x00007f40c8015800 Exception <a 'java/lang/NoSuchMethodError'{0x00000000fe76f1b0}: 'void java.lang.invoke.DelegatingMethodHandle$Holder.delegate(java.lang.Object, java.lang.Object, int, java.lang.Object)'> (0x00000000fe76f1b0) thrown at [./src/hotspot/share/interpreter/linkResolver.cpp, line 772]

Events (20 events):
Event: 0,811 loading class java/lang/invoke/MethodHandleImpl$LoopClauses
Event: 0,811 loading class java/lang/invoke/MethodHandleImpl$LoopClauses done
Event: 0,811 loading class java/lang/invoke/MethodHandleImpl$ArrayAccess
Event: 0,811 loading class java/lang/invoke/MethodHandleImpl$ArrayAccess done
Event: 0,811 loading class java/lang/invoke/MethodHandleImpl$2
Event: 0,812 loading class java/lang/invoke/MethodHandleImpl$2 done
Event: 0,812 loading class java/lang/invoke/MethodHandleImpl$ArrayAccessor
Event: 0,814 loading class java/lang/invoke/MethodHandleImpl$ArrayAccessor done
Event: 0,814 loading class java/lang/invoke/MethodHandleImpl$ArrayAccessor$1
Event: 0,814 loading class java/lang/invoke/MethodHandleImpl$ArrayAccessor$1 done
Event: 0,818 loading class org/gradle/internal/service/InjectUtil
Event: 0,818 loading class org/gradle/internal/service/InjectUtil done
Event: 0,818 loading class org/gradle/internal/nativeintegration/filesystem/services/GenericFileSystem
Event: 0,818 loading class org/gradle/internal/nativeintegration/filesystem/services/GenericFileSystem done
Event: 0,818 loading class org/gradle/internal/file/StatStatistics$Collector
Event: 0,818 loading class org/gradle/internal/file/StatStatistics$Collector done
Event: 0,819 loading class org/gradle/internal/file/StatStatistics
Event: 0,819 loading class org/gradle/internal/file/StatStatistics done
Event: 0,819 loading class org/gradle/internal/nativeintegration/services/NativeServices$1
Event: 0,819 loading class org/gradle/internal/nativeintegration/services/NativeServices$1 done


Dynamic libraries:
fc000000-ffe00000 rw-p 00000000 00:00 0 
ffe00000-ffe48000 rw-p 00b0a000 08:16 2107703                            /usr/lib/jvm/java-11-openjdk-amd64/lib/server/classes.jsa
ffe48000-fff00000 rw-p 00000000 00:00 0 
fff00000-fff6b000 rw-p 00a9f000 08:16 2107703                            /usr/lib/jvm/java-11-openjdk-amd64/lib/server/classes.jsa
fff6b000-100000000 rw-p 00000000 00:00 0 
800000000-800002000 rwxp 00001000 08:16 2107703                          /usr/lib/jvm/java-11-openjdk-amd64/lib/server/classes.jsa
800002000-8003cc000 rw-p 00003000 08:16 2107703                          /usr/lib/jvm/java-11-openjdk-amd64/lib/server/classes.jsa
8003cc000-800a9d000 r--p 003cd000 08:16 2107703                          /usr/lib/jvm/java-11-openjdk-amd64/lib/server/classes.jsa
800a9d000-800a9e000 rw-p 00a9e000 08:16 2107703                          /usr/lib/jvm/java-11-openjdk-amd64/lib/server/classes.jsa
840000000-8400e0000 rw-p 00000000 00:00 0 
8400e0000-880000000 ---p 00000000 00:00 0 
556a4c050000-556a4c051000 r--p 00000000 08:16 2106911                    /usr/lib/jvm/java-11-openjdk-amd64/bin/java
556a4c051000-556a4c052000 r-xp 00001000 08:16 2106911                    /usr/lib/jvm/java-11-openjdk-amd64/bin/java
556a4c052000-556a4c053000 r--p 00002000 08:16 2106911                    /usr/lib/jvm/java-11-openjdk-amd64/bin/java
556a4c053000-556a4c054000 r--p 00002000 08:16 2106911                    /usr/lib/jvm/java-11-openjdk-amd64/bin/java
556a4c054000-556a4c055000 rw-p 00003000 08:16 2106911                    /usr/lib/jvm/java-11-openjdk-amd64/bin/java
556a4df11000-556a4df32000 rw-p 00000000 00:00 0                          [heap]
7f406c000000-7f406c021000 rw-p 00000000 00:00 0 
7f406c021000-7f4070000000 ---p 00000000 00:00 0 
7f4070000000-7f40702ff000 rw-p 00000000 00:00 0 
7f40702ff000-7f4074000000 ---p 00000000 00:00 0 
7f4074000000-7f4074021000 rw-p 00000000 00:00 0 
7f4074021000-7f4078000000 ---p 00000000 00:00 0 
7f4078000000-7f4078021000 rw-p 00000000 00:00 0 
7f4078021000-7f407c000000 ---p 00000000 00:00 0 
7f407c000000-7f407c3e1000 rw-p 00000000 00:00 0 
7f407c3e1000-7f4080000000 ---p 00000000 00:00 0 
7f4080000000-7f4080293000 rw-p 00000000 00:00 0 
7f4080293000-7f4084000000 ---p 00000000 00:00 0 
7f4084000000-7f4084021000 rw-p 00000000 00:00 0 
7f4084021000-7f4088000000 ---p 00000000 00:00 0 
7f4088000000-7f4088021000 rw-p 00000000 00:00 0 
7f4088021000-7f408c000000 ---p 00000000 00:00 0 
7f408c000000-7f408c021000 rw-p 00000000 00:00 0 
7f408c021000-7f4090000000 ---p 00000000 00:00 0 
7f4090000000-7f4090021000 rw-p 00000000 00:00 0 
7f4090021000-7f4094000000 ---p 00000000 00:00 0 
7f4094000000-7f4094021000 rw-p 00000000 00:00 0 
7f4094021000-7f4098000000 ---p 00000000 00:00 0 
7f4098000000-7f4098021000 rw-p 00000000 00:00 0 
7f4098021000-7f409c000000 ---p 00000000 00:00 0 
7f409c000000-7f409c021000 rw-p 00000000 00:00 0 
7f409c021000-7f40a0000000 ---p 00000000 00:00 0 
7f40a1219000-7f40a2000000 r--p 00000000 08:16 2098722                    /usr/lib/locale/locale-archive
7f40a2000000-7f40a4000000 rw-p 00000000 00:00 0 
7f40a4000000-7f40a4021000 rw-p 00000000 00:00 0 
7f40a4021000-7f40a8000000 ---p 00000000 00:00 0 
7f40a8000000-7f40a8021000 rw-p 00000000 00:00 0 
7f40a8021000-7f40ac000000 ---p 00000000 00:00 0 
7f40ac000000-7f40ac021000 rw-p 00000000 00:00 0 
7f40ac021000-7f40b0000000 ---p 00000000 00:00 0 
7f40b0611000-7f40b0615000 ---p 00000000 00:00 0 
7f40b0615000-7f40b0711000 rw-p 00000000 00:00 0 
7f40b0711000-7f40b0715000 ---p 00000000 00:00 0 
7f40b0715000-7f40b0811000 rw-p 00000000 00:00 0 
7f40b0811000-7f40b0a81000 rwxp 00000000 00:00 0 
7f40b0a81000-7f40b0da2000 ---p 00000000 00:00 0 
7f40b0da2000-7f40b1012000 rwxp 00000000 00:00 0 
7f40b1012000-7f40b82d9000 ---p 00000000 00:00 0 
7f40b82d9000-7f40b8549000 rwxp 00000000 00:00 0 
7f40b8549000-7f40bf811000 ---p 00000000 00:00 0 
7f40bf811000-7f40c8000000 r--s 00000000 08:16 2107070                    /usr/lib/jvm/java-11-openjdk-amd64/lib/modules
7f40c8000000-7f40c8826000 rw-p 00000000 00:00 0 
7f40c8826000-7f40cc000000 ---p 00000000 00:00 0 
7f40cc040000-7f40cc047000 r--s 00000000 08:16 4371                       /usr/lib/x86_64-linux-gnu/gconv/gconv-modules.cache
7f40cc047000-7f40cc078000 rw-p 00000000 00:00 0 
7f40cc078000-7f40cc07c000 r--p 00000000 08:16 2107060                    /usr/lib/jvm/java-11-openjdk-amd64/lib/libnet.so
7f40cc07c000-7f40cc08a000 r-xp 00004000 08:16 2107060                    /usr/lib/jvm/java-11-openjdk-amd64/lib/libnet.so
7f40cc08a000-7f40cc08e000 r--p 00012000 08:16 2107060                    /usr/lib/jvm/java-11-openjdk-amd64/lib/libnet.so
7f40cc08e000-7f40cc08f000 r--p 00015000 08:16 2107060                    /usr/lib/jvm/java-11-openjdk-amd64/lib/libnet.so
7f40cc08f000-7f40cc090000 rw-p 00016000 08:16 2107060                    /usr/lib/jvm/java-11-openjdk-amd64/lib/libnet.so
7f40cc090000-7f40cc097000 r--p 00000000 08:16 2107061                    /usr/lib/jvm/java-11-openjdk-amd64/lib/libnio.so
7f40cc097000-7f40cc09f000 r-xp 00007000 08:16 2107061                    /usr/lib/jvm/java-11-openjdk-amd64/lib/libnio.so
7f40cc09f000-7f40cc0a2000 r--p 0000f000 08:16 2107061                    /usr/lib/jvm/java-11-openjdk-amd64/lib/libnio.so
7f40cc0a2000-7f40cc0a3000 r--p 00011000 08:16 2107061                    /usr/lib/jvm/java-11-openjdk-amd64/lib/libnio.so
7f40cc0a3000-7f40cc0a4000 rw-p 00012000 08:16 2107061                    /usr/lib/jvm/java-11-openjdk-amd64/lib/libnio.so
7f40cc0a4000-7f40cc0a5000 ---p 00000000 00:00 0 
7f40cc0a5000-7f40cc1a6000 rw-p 00000000 00:00 0 
7f40cc1a6000-7f40cc1aa000 ---p 00000000 00:00 0 
7f40cc1aa000-7f40cc2a6000 rw-p 00000000 00:00 0 
7f40cc2a6000-7f40cc2aa000 ---p 00000000 00:00 0 
7f40cc2aa000-7f40cc3a6000 rw-p 00000000 00:00 0 
7f40cc3a6000-7f40cc3aa000 ---p 00000000 00:00 0 
7f40cc3aa000-7f40cc4a6000 rw-p 00000000 00:00 0 
7f40cc4a6000-7f40cc4aa000 ---p 00000000 00:00 0 
7f40cc4aa000-7f40cc5a6000 rw-p 00000000 00:00 0 
7f40cc5a6000-7f40cc5aa000 ---p 00000000 00:00 0 
7f40cc5aa000-7f40cc6a6000 rw-p 00000000 00:00 0 
7f40cc6a6000-7f40cc6aa000 ---p 00000000 00:00 0 
7f40cc6aa000-7f40cc7a6000 rw-p 00000000 00:00 0 
7f40cc7a6000-7f40cc7aa000 ---p 00000000 00:00 0 
7f40cc7aa000-7f40cc8a6000 rw-p 00000000 00:00 0 
7f40cc8a6000-7f40cc8a7000 ---p 00000000 00:00 0 
7f40cc8a7000-7f40cd06c000 rw-p 00000000 00:00 0 
7f40cd06c000-7f40cd2ac000 ---p 00000000 00:00 0 
7f40cd2ac000-7f40cd2ee000 rw-p 00000000 00:00 0 
7f40cd2ee000-7f40cd2ef000 ---p 00000000 00:00 0 
7f40cd2ef000-7f40cd3f0000 rw-p 00000000 00:00 0 
7f40cd3f0000-7f40cd3f1000 ---p 00000000 00:00 0 
7f40cd3f1000-7f40cdcfa000 rw-p 00000000 00:00 0 
7f40cdcfa000-7f40cdcfb000 ---p 00000000 00:00 0 
7f40cdcfb000-7f40cddfc000 rw-p 00000000 00:00 0 
7f40cddfc000-7f40cddfd000 ---p 00000000 00:00 0 
7f40cddfd000-7f40ce123000 rw-p 00000000 00:00 0 
7f40ce123000-7f40ce96b000 rw-p 00000000 00:00 0 
7f40ce96b000-7f40ce96c000 ---p 00000000 00:00 0 
7f40ce96c000-7f40cea72000 rw-p 00000000 00:00 0 
7f40cea72000-7f40ceb58000 ---p 00000000 00:00 0 
7f40ceb58000-7f40ceb5d000 rw-p 00000000 00:00 0 
7f40ceb5d000-7f40cec43000 ---p 00000000 00:00 0 
7f40cec43000-7f40cec48000 rw-p 00000000 00:00 0 
7f40cec48000-7f40cec4f000 ---p 00000000 00:00 0 
7f40cec4f000-7f40cec51000 r--p 00000000 08:16 2107069                    /usr/lib/jvm/java-11-openjdk-amd64/lib/libzip.so
7f40cec51000-7f40cec56000 r-xp 00002000 08:16 2107069                    /usr/lib/jvm/java-11-openjdk-amd64/lib/libzip.so
7f40cec56000-7f40cec58000 r--p 00007000 08:16 2107069                    /usr/lib/jvm/java-11-openjdk-amd64/lib/libzip.so
7f40cec58000-7f40cec59000 r--p 00008000 08:16 2107069                    /usr/lib/jvm/java-11-openjdk-amd64/lib/libzip.so
7f40cec59000-7f40cec5a000 rw-p 00009000 08:16 2107069                    /usr/lib/jvm/java-11-openjdk-amd64/lib/libzip.so
7f40cec5a000-7f40cec62000 rw-s 00000000 08:16 677065                     /tmp/hsperfdata_lucas/38935
7f40cec62000-7f40cec6f000 r--p 00000000 08:16 2107049                    /usr/lib/jvm/java-11-openjdk-amd64/lib/libjava.so
7f40cec6f000-7f40cec85000 r-xp 0000d000 08:16 2107049                    /usr/lib/jvm/java-11-openjdk-amd64/lib/libjava.so
7f40cec85000-7f40cec8c000 r--p 00023000 08:16 2107049                    /usr/lib/jvm/java-11-openjdk-amd64/lib/libjava.so
7f40cec8c000-7f40cec8d000 r--p 00029000 08:16 2107049                    /usr/lib/jvm/java-11-openjdk-amd64/lib/libjava.so
7f40cec8d000-7f40cec8e000 rw-p 0002a000 08:16 2107049                    /usr/lib/jvm/java-11-openjdk-amd64/lib/libjava.so
7f40cec8e000-7f40cec8f000 rw-p 00000000 00:00 0 
7f40cec8f000-7f40cec94000 r--p 00000000 08:16 2107068                    /usr/lib/jvm/java-11-openjdk-amd64/lib/libverify.so
7f40cec94000-7f40cec9b000 r-xp 00005000 08:16 2107068                    /usr/lib/jvm/java-11-openjdk-amd64/lib/libverify.so
7f40cec9b000-7f40cec9d000 r--p 0000c000 08:16 2107068                    /usr/lib/jvm/java-11-openjdk-amd64/lib/libverify.so
7f40cec9d000-7f40cec9f000 r--p 0000d000 08:16 2107068                    /usr/lib/jvm/java-11-openjdk-amd64/lib/libverify.so
7f40cec9f000-7f40ceca0000 rw-p 0000f000 08:16 2107068                    /usr/lib/jvm/java-11-openjdk-amd64/lib/libverify.so
7f40ceca0000-7f40ceca1000 r--p 00000000 08:16 2100493                    /usr/lib/x86_64-linux-gnu/librt.so.1
7f40ceca1000-7f40ceca2000 r-xp 00001000 08:16 2100493                    /usr/lib/x86_64-linux-gnu/librt.so.1
7f40ceca2000-7f40ceca3000 r--p 00002000 08:16 2100493                    /usr/lib/x86_64-linux-gnu/librt.so.1
7f40ceca3000-7f40ceca4000 r--p 00002000 08:16 2100493                    /usr/lib/x86_64-linux-gnu/librt.so.1
7f40ceca4000-7f40ceca5000 rw-p 00003000 08:16 2100493                    /usr/lib/x86_64-linux-gnu/librt.so.1
7f40ceca5000-7f40ceca9000 ---p 00000000 00:00 0 
7f40ceca9000-7f40ceda5000 rw-p 00000000 00:00 0 
7f40ceda5000-7f40ceda8000 r--p 00000000 08:16 2099908                    /usr/lib/x86_64-linux-gnu/libgcc_s.so.1
7f40ceda8000-7f40cedbf000 r-xp 00003000 08:16 2099908                    /usr/lib/x86_64-linux-gnu/libgcc_s.so.1
7f40cedbf000-7f40cedc3000 r--p 0001a000 08:16 2099908                    /usr/lib/x86_64-linux-gnu/libgcc_s.so.1
7f40cedc3000-7f40cedc4000 r--p 0001d000 08:16 2099908                    /usr/lib/x86_64-linux-gnu/libgcc_s.so.1
7f40cedc4000-7f40cedc5000 rw-p 0001e000 08:16 2099908                    /usr/lib/x86_64-linux-gnu/libgcc_s.so.1
7f40cedc5000-7f40cedd3000 r--p 00000000 08:16 2100168                    /usr/lib/x86_64-linux-gnu/libm.so.6
7f40cedd3000-7f40cee4f000 r-xp 0000e000 08:16 2100168                    /usr/lib/x86_64-linux-gnu/libm.so.6
7f40cee4f000-7f40ceeaa000 r--p 0008a000 08:16 2100168                    /usr/lib/x86_64-linux-gnu/libm.so.6
7f40ceeaa000-7f40ceeab000 r--p 000e4000 08:16 2100168                    /usr/lib/x86_64-linux-gnu/libm.so.6
7f40ceeab000-7f40ceeac000 rw-p 000e5000 08:16 2100168                    /usr/lib/x86_64-linux-gnu/libm.so.6
7f40ceeac000-7f40cef46000 r--p 00000000 08:16 2093120                    /usr/lib/x86_64-linux-gnu/libstdc++.so.6.0.30
7f40cef46000-7f40cf056000 r-xp 0009a000 08:16 2093120                    /usr/lib/x86_64-linux-gnu/libstdc++.so.6.0.30
7f40cf056000-7f40cf0c5000 r--p 001aa000 08:16 2093120                    /usr/lib/x86_64-linux-gnu/libstdc++.so.6.0.30
7f40cf0c5000-7f40cf0d0000 r--p 00218000 08:16 2093120                    /usr/lib/x86_64-linux-gnu/libstdc++.so.6.0.30
7f40cf0d0000-7f40cf0d3000 rw-p 00223000 08:16 2093120                    /usr/lib/x86_64-linux-gnu/libstdc++.so.6.0.30
7f40cf0d3000-7f40cf0d6000 rw-p 00000000 00:00 0 
7f40cf0d6000-7f40cf358000 r--p 00000000 08:16 2107075                    /usr/lib/jvm/java-11-openjdk-amd64/lib/server/libjvm.so
7f40cf358000-7f40cffea000 r-xp 00282000 08:16 2107075                    /usr/lib/jvm/java-11-openjdk-amd64/lib/server/libjvm.so
7f40cffea000-7f40d0243000 r--p 00f14000 08:16 2107075                    /usr/lib/jvm/java-11-openjdk-amd64/lib/server/libjvm.so
7f40d0243000-7f40d0307000 r--p 0116c000 08:16 2107075                    /usr/lib/jvm/java-11-openjdk-amd64/lib/server/libjvm.so
7f40d0307000-7f40d0342000 rw-p 01230000 08:16 2107075                    /usr/lib/jvm/java-11-openjdk-amd64/lib/server/libjvm.so
7f40d0342000-7f40d039b000 rw-p 00000000 00:00 0 
7f40d039b000-7f40d039d000 r--p 00000000 08:16 2093130                    /usr/lib/x86_64-linux-gnu/libz.so.1.2.11
7f40d039d000-7f40d03ae000 r-xp 00002000 08:16 2093130                    /usr/lib/x86_64-linux-gnu/libz.so.1.2.11
7f40d03ae000-7f40d03b4000 r--p 00013000 08:16 2093130                    /usr/lib/x86_64-linux-gnu/libz.so.1.2.11
7f40d03b4000-7f40d03b5000 ---p 00019000 08:16 2093130                    /usr/lib/x86_64-linux-gnu/libz.so.1.2.11
7f40d03b5000-7f40d03b6000 r--p 00019000 08:16 2093130                    /usr/lib/x86_64-linux-gnu/libz.so.1.2.11
7f40d03b6000-7f40d03b7000 rw-p 0001a000 08:16 2093130                    /usr/lib/x86_64-linux-gnu/libz.so.1.2.11
7f40d03b7000-7f40d03df000 r--p 00000000 08:16 2099517                    /usr/lib/x86_64-linux-gnu/libc.so.6
7f40d03df000-7f40d0574000 r-xp 00028000 08:16 2099517                    /usr/lib/x86_64-linux-gnu/libc.so.6
7f40d0574000-7f40d05cc000 r--p 001bd000 08:16 2099517                    /usr/lib/x86_64-linux-gnu/libc.so.6
7f40d05cc000-7f40d05d0000 r--p 00214000 08:16 2099517                    /usr/lib/x86_64-linux-gnu/libc.so.6
7f40d05d0000-7f40d05d2000 rw-p 00218000 08:16 2099517                    /usr/lib/x86_64-linux-gnu/libc.so.6
7f40d05d2000-7f40d05df000 rw-p 00000000 00:00 0 
7f40d05e2000-7f40d05e4000 r--s 0000c000 08:16 144933                     /usr/share/java/java-atk-wrapper.jar
7f40d05e4000-7f40d05e5000 ---p 00000000 00:00 0 
7f40d05e5000-7f40d05e6000 r--p 00000000 00:00 0 
7f40d05e6000-7f40d05e8000 r--p 00000000 08:16 2107052                    /usr/lib/jvm/java-11-openjdk-amd64/lib/libjimage.so
7f40d05e8000-7f40d05eb000 r-xp 00002000 08:16 2107052                    /usr/lib/jvm/java-11-openjdk-amd64/lib/libjimage.so
7f40d05eb000-7f40d05ec000 r--p 00005000 08:16 2107052                    /usr/lib/jvm/java-11-openjdk-amd64/lib/libjimage.so
7f40d05ec000-7f40d05ed000 ---p 00006000 08:16 2107052                    /usr/lib/jvm/java-11-openjdk-amd64/lib/libjimage.so
7f40d05ed000-7f40d05ee000 r--p 00006000 08:16 2107052                    /usr/lib/jvm/java-11-openjdk-amd64/lib/libjimage.so
7f40d05ee000-7f40d05ef000 rw-p 00007000 08:16 2107052                    /usr/lib/jvm/java-11-openjdk-amd64/lib/libjimage.so
7f40d05ef000-7f40d05f2000 r--p 00000000 08:16 2107034                    /usr/lib/jvm/java-11-openjdk-amd64/lib/jli/libjli.so
7f40d05f2000-7f40d05fc000 r-xp 00003000 08:16 2107034                    /usr/lib/jvm/java-11-openjdk-amd64/lib/jli/libjli.so
7f40d05fc000-7f40d05ff000 r--p 0000d000 08:16 2107034                    /usr/lib/jvm/java-11-openjdk-amd64/lib/jli/libjli.so
7f40d05ff000-7f40d0600000 ---p 00010000 08:16 2107034                    /usr/lib/jvm/java-11-openjdk-amd64/lib/jli/libjli.so
7f40d0600000-7f40d0601000 r--p 00010000 08:16 2107034                    /usr/lib/jvm/java-11-openjdk-amd64/lib/jli/libjli.so
7f40d0601000-7f40d0602000 rw-p 00011000 08:16 2107034                    /usr/lib/jvm/java-11-openjdk-amd64/lib/jli/libjli.so
7f40d0602000-7f40d0604000 rw-p 00000000 00:00 0 
7f40d0604000-7f40d0606000 r--p 00000000 08:16 2099180                    /usr/lib/x86_64-linux-gnu/ld-linux-x86-64.so.2
7f40d0606000-7f40d0630000 r-xp 00002000 08:16 2099180                    /usr/lib/x86_64-linux-gnu/ld-linux-x86-64.so.2
7f40d0630000-7f40d063b000 r--p 0002c000 08:16 2099180                    /usr/lib/x86_64-linux-gnu/ld-linux-x86-64.so.2
7f40d063c000-7f40d063e000 r--p 00037000 08:16 2099180                    /usr/lib/x86_64-linux-gnu/ld-linux-x86-64.so.2
7f40d063e000-7f40d0640000 rw-p 00039000 08:16 2099180                    /usr/lib/x86_64-linux-gnu/ld-linux-x86-64.so.2
7ffde9ade000-7ffde9b00000 rw-p 00000000 00:00 0                          [stack]
7ffde9bac000-7ffde9bb0000 r--p 00000000 00:00 0                          [vvar]
7ffde9bb0000-7ffde9bb2000 r-xp 00000000 00:00 0                          [vdso]
ffffffffff600000-ffffffffff601000 --xp 00000000 00:00 0                  [vsyscall]


VM Arguments:
jvm_args: -Xmx64m -Xms64m -Dorg.gradle.appname=gradlew 
java_command: org.gradle.wrapper.GradleWrapperMain app:installDebug -PreactNativeDevServerPort=8081
java_class_path (initial): /var/www/html/faxinapp/app-user/android/gradle/wrapper/gradle-wrapper.jar
Launcher Type: SUN_STANDARD

[Global flags]
     intx CICompilerCount                          = 4                                         {product} {ergonomic}
     uint ConcGCThreads                            = 2                                         {product} {ergonomic}
     uint G1ConcRefinementThreads                  = 8                                         {product} {ergonomic}
   size_t G1HeapRegionSize                         = 1048576                                   {product} {ergonomic}
    uintx GCDrainStackTargetSize                   = 64                                        {product} {ergonomic}
   size_t InitialHeapSize                          = 67108864                                  {product} {command line}
   size_t MarkStackSize                            = 4194304                                   {product} {ergonomic}
   size_t MaxHeapSize                              = 67108864                                  {product} {command line}
   size_t MaxNewSize                               = 39845888                                  {product} {ergonomic}
   size_t MinHeapDeltaBytes                        = 1048576                                   {product} {ergonomic}
    uintx NonNMethodCodeHeapSize                   = 5836300                                {pd product} {ergonomic}
    uintx NonProfiledCodeHeapSize                  = 122910970                              {pd product} {ergonomic}
    uintx ProfiledCodeHeapSize                     = 122910970                              {pd product} {ergonomic}
    uintx ReservedCodeCacheSize                    = 251658240                              {pd product} {ergonomic}
     bool SegmentedCodeCache                       = true                                      {product} {ergonomic}
     bool UseCompressedClassPointers               = true                                 {lp64_product} {ergonomic}
     bool UseCompressedOops                        = true                                 {lp64_product} {ergonomic}
     bool UseG1GC                                  = true                                      {product} {ergonomic}

Logging:
Log output configuration:
 #0: stdout all=warning uptime,level,tags
 #1: stderr all=off uptime,level,tags

Environment Variables:
PATH=/var/www/html/faxinapp/app-user/android/node_modules/.bin:/var/www/html/faxinapp/app-user/node_modules/.bin:/var/www/html/faxinapp/node_modules/.bin:/var/www/html/node_modules/.bin:/var/www/node_modules/.bin:/var/node_modules/.bin:/node_modules/.bin:/usr/bin:/var/www/html/faxinapp/app-user/node_modules/.bin:/usr/local/sbin:/usr/local/bin:/usr/sbin:/usr/bin:/sbin:/bin:/usr/games:/usr/local/games:/snap/bin:/snap/bin
USERNAME=lucas
SHELL=/bin/bash
DISPLAY=:0
LANG=en_US.UTF-8
LC_CTYPE=pt_BR.UTF-8

Signal Handlers:
SIGSEGV: [libjvm.so+0xea2440], sa_mask[0]=11111111011111111101111111111110, sa_flags=SA_RESTART|SA_SIGINFO
SIGBUS: [libjvm.so+0xea2440], sa_mask[0]=11111111011111111101111111111110, sa_flags=SA_RESTART|SA_SIGINFO
SIGFPE: [libjvm.so+0xea2440], sa_mask[0]=11111111011111111101111111111110, sa_flags=SA_RESTART|SA_SIGINFO
SIGPIPE: [libjvm.so+0xbe6300], sa_mask[0]=11111111011111111101111111111110, sa_flags=SA_RESTART|SA_SIGINFO
SIGXFSZ: [libjvm.so+0xbe6300], sa_mask[0]=11111111011111111101111111111110, sa_flags=SA_RESTART|SA_SIGINFO
SIGILL: [libjvm.so+0xea2440], sa_mask[0]=11111111011111111101111111111110, sa_flags=SA_RESTART|SA_SIGINFO
SIGUSR2: [libjvm.so+0xbe61a0], sa_mask[0]=00000000000000000000000000000000, sa_flags=SA_RESTART|SA_SIGINFO
SIGHUP: [libjvm.so+0xbe6a00], sa_mask[0]=11111111011111111101111111111110, sa_flags=SA_RESTART|SA_SIGINFO
SIGINT: [libjvm.so+0xbe6a00], sa_mask[0]=11111111011111111101111111111110, sa_flags=SA_RESTART|SA_SIGINFO
SIGTERM: [libjvm.so+0xbe6a00], sa_mask[0]=11111111011111111101111111111110, sa_flags=SA_RESTART|SA_SIGINFO
SIGQUIT: [libjvm.so+0xbe6a00], sa_mask[0]=11111111011111111101111111111110, sa_flags=SA_RESTART|SA_SIGINFO


---------------  S Y S T E M  ---------------

OS:DISTRIB_ID=Ubuntu
DISTRIB_RELEASE=22.04
DISTRIB_CODENAME=jammy
DISTRIB_DESCRIPTION="Ubuntu 22.04.1 LTS"
uname:Linux 5.15.0-52-generic #58-Ubuntu SMP Thu Oct 13 08:03:55 UTC 2022 x86_64
OS uptime: 0 days 2:28 hours
libc:glibc 2.35 NPTL 2.35 
rlimit (soft/hard): STACK 8192k/infinity , CORE 0k/infinity , NPROC 31233/31233 , NOFILE 1048576/1048576 , AS infinity/infinity , CPU infinity/infinity , DATA infinity/infinity , FSIZE infinity/infinity , MEMLOCK 1008312k/1008312k
load average:5,88 4,27 3,81

/proc/meminfo:
MemTotal:        8066516 kB
MemFree:          380824 kB
MemAvailable:    1494284 kB
Buffers:          105164 kB
Cached:          1554160 kB
SwapCached:        16844 kB
Active:          1488272 kB
Inactive:        5603876 kB
Active(anon):     701268 kB
Inactive(anon):  5159560 kB
Active(file):     787004 kB
Inactive(file):   444316 kB
Unevictable:          48 kB
Mlocked:              48 kB
SwapTotal:       2097148 kB
SwapFree:        1153020 kB
Dirty:             47828 kB
Writeback:             4 kB
AnonPages:       5427956 kB
Mapped:           782496 kB
Shmem:            427748 kB
KReclaimable:     185240 kB
Slab:             337996 kB
SReclaimable:     185240 kB
SUnreclaim:       152756 kB
KernelStack:       24256 kB
PageTables:        80324 kB
NFS_Unstable:          0 kB
Bounce:                0 kB
WritebackTmp:          0 kB
CommitLimit:     6130404 kB
Committed_AS:   20896432 kB
VmallocTotal:   34359738367 kB
VmallocUsed:       92644 kB
VmallocChunk:          0 kB
Percpu:            16960 kB
HardwareCorrupted:     0 kB
AnonHugePages:         0 kB
ShmemHugePages:        0 kB
ShmemPmdMapped:        0 kB
FileHugePages:         0 kB
FilePmdMapped:         0 kB
HugePages_Total:       0
HugePages_Free:        0
HugePages_Rsvd:        0
HugePages_Surp:        0
Hugepagesize:       2048 kB
Hugetlb:               0 kB
DirectMap4k:      437364 kB
DirectMap2M:     7880704 kB
DirectMap1G:     1048576 kB

/sys/kernel/mm/transparent_hugepage/enabled:
always [madvise] never
/sys/kernel/mm/transparent_hugepage/defrag (defrag/compaction efforts parameter):
always defer defer+madvise [madvise] never

Process Memory:
Virtual Size: 2747156K (peak: 11425956K)
Resident Set Size: 82260K (peak: 82260K) (anon: 55572K, file: 26688K, shmem: 0K)
Swapped out: 0K
C-Heap outstanding allocations: 33518K, retained: 4297K
glibc malloc tunables: (default)

/proc/sys/kernel/threads-max (system-wide limit on the number of threads):
62467
/proc/sys/vm/max_map_count (maximum number of memory map areas a process may have):
65530
/proc/sys/kernel/pid_max (system-wide limit on number of process identifiers):
4194304

container (cgroup) information:
container_type: cgroupv2
cpu_cpuset_cpus: not supported
cpu_memory_nodes: not supported
active_processor_count: 8
cpu_quota: not supported
cpu_period: not supported
cpu_shares: not supported
memory_limit_in_bytes: unlimited
memory_and_swap_limit_in_bytes: unlimited
memory_soft_limit_in_bytes: unlimited
memory_usage_in_bytes: 3578957824
memory_max_usage_in_bytes: not supported

Steal ticks since vm start: 0
Steal ticks percentage since vm start:  0,000

CPU:total 8 (initial active 8) (8 cores per cpu, 2 threads per core) family 23 model 1 stepping 1 microcode 0x8001126, cmov, cx8, fxsr, mmx, sse, sse2, sse3, ssse3, sse4.1, sse4.2, popcnt, avx, avx2, aes, clmul, mmxext, 3dnowpref, lzcnt, sse4a, ht, tsc, tscinvbit, tscinv, bmi1, bmi2, adx, sha, fma
CPU Model and flags from /proc/cpuinfo:
model name	: AMD Ryzen 5 1400 Quad-Core Processor
flags		: fpu vme de pse tsc msr pae mce cx8 apic sep mtrr pge mca cmov pat pse36 clflush mmx fxsr sse sse2 ht syscall nx mmxext fxsr_opt pdpe1gb rdtscp lm constant_tsc rep_good nopl nonstop_tsc cpuid extd_apicid aperfmperf rapl pni pclmulqdq monitor ssse3 fma cx16 sse4_1 sse4_2 movbe popcnt aes xsave avx f16c rdrand lahf_lm cmp_legacy svm extapic cr8_legacy abm sse4a misalignsse 3dnowprefetch osvw skinit wdt tce topoext perfctr_core perfctr_nb bpext perfctr_llc mwaitx cpb hw_pstate ssbd vmmcall fsgsbase bmi1 avx2 smep bmi2 rdseed adx smap clflushopt sha_ni xsaveopt xsavec xgetbv1 xsaves clzero irperf xsaveerptr arat npt lbrv svm_lock nrip_save tsc_scale vmcb_clean flushbyasid decodeassists pausefilter pfthreshold avic v_vmsave_vmload vgif overflow_recov succor smca sme sev
Online cpus:
0-7
Offline cpus:
8-15
BIOS frequency limitation:
3200000
Frequency switch latency (ns):
0
Available cpu frequencies:
3200000 2800000 1550000 
Current governor:
schedutil
Core performance/turbo boost:
1

Memory: 4k page, physical 8066516k(380824k free), swap 2097148k(1153020k free)

vm_info: OpenJDK 64-Bit Server VM (11.0.16+8-post-Ubuntu-0ubuntu122.04) for linux-amd64 JRE (11.0.16+8-post-Ubuntu-0ubuntu122.04), built on Jul 22 2022 09:14:39 by "unknown" with gcc 11.2.0

END.
